2024-02-29 06:40:50,246 [Worker-2: Loading available Gradle versions] INFO  o.e.b.c.i.u.g.PublishedGradleVersions - Gradle version information cache is out-of-date. Trying to update.
2024-02-29 06:42:41,374 [Worker-0: Loading available Gradle versions] INFO  o.e.b.c.i.u.g.PublishedGradleVersions - Gradle version information cache is up-to-date. Trying to read.
2024-02-29 06:45:07,969 [Worker-12: Building] INFO  o.e.m.c.i.l.LifecycleMappingFactory - Using org.eclipse.m2e.jdt.JarLifecycleMapping lifecycle mapping for MavenProject: uploadFileToDB:uploadFileToDB:0.0.1-SNAPSHOT @ C:\metaResponseBatchFile\batchfile\pom.xml.
2024-02-29 06:45:39,182 [Worker-10: Download sources and javadoc] ERROR o.e.m.j.internal.DownloadSourcesJob - Could not download sources for com.securedloan:arthavedika:0.0.1-SNAPSHOT
org.eclipse.core.runtime.CoreException: Could not resolve artifact com.securedloan:arthavedika:jar:sources:0.0.1-SNAPSHOT
	at org.eclipse.m2e.core.internal.embedder.MavenImpl.lambda$6(MavenImpl.java:584)
	at org.eclipse.m2e.core.internal.embedder.MavenExecutionContext.executeBare(MavenExecutionContext.java:394)
	at org.eclipse.m2e.core.internal.embedder.MavenExecutionContext.execute(MavenExecutionContext.java:228)
	at org.eclipse.m2e.core.internal.embedder.MavenExecutionContext.execute(MavenExecutionContext.java:214)
	at org.eclipse.m2e.core.internal.embedder.MavenImpl.resolve(MavenImpl.java:553)
	at org.eclipse.m2e.core.internal.embedder.MavenImpl.resolve(MavenImpl.java:538)
	at org.eclipse.m2e.jdt.internal.DownloadSourcesJob.download(DownloadSourcesJob.java:308)
	at org.eclipse.m2e.jdt.internal.DownloadSourcesJob.downloadAttachments(DownloadSourcesJob.java:282)
	at org.eclipse.m2e.jdt.internal.DownloadSourcesJob.downloadMaven(DownloadSourcesJob.java:252)
	at org.eclipse.m2e.jdt.internal.DownloadSourcesJob.downloadFilesAndPopulateToUpdate(DownloadSourcesJob.java:220)
	at org.eclipse.m2e.jdt.internal.DownloadSourcesJob.lambda$0(DownloadSourcesJob.java:149)
	at org.eclipse.m2e.core.internal.embedder.MavenExecutionContext.executeBare(MavenExecutionContext.java:394)
	at org.eclipse.m2e.core.internal.embedder.MavenExecutionContext.execute(MavenExecutionContext.java:275)
	at org.eclipse.m2e.core.internal.embedder.MavenExecutionContext.execute(MavenExecutionContext.java:214)
	at org.eclipse.m2e.core.embedder.IMaven.execute(IMaven.java:294)
	at org.eclipse.m2e.jdt.internal.DownloadSourcesJob.run(DownloadSourcesJob.java:149)
	at org.eclipse.core.internal.jobs.Worker.run(Worker.java:63)
2024-02-29 06:45:39,681 [Worker-10: Download sources and javadoc] INFO  o.e.m.c.i.e.AbstractTransferListenerAdapter - Downloading https://repo.maven.apache.org/maven2/org/apache/httpcomponents/httpcore/4.4.1/httpcore-4.4.1-sources.jar
2024-02-29 06:45:40,108 [Worker-10: Download sources and javadoc] INFO  o.e.m.c.i.e.AbstractTransferListenerAdapter - Downloaded https://repo.maven.apache.org/maven2/org/apache/httpcomponents/httpcore/4.4.1/httpcore-4.4.1-sources.jar
2024-02-29 06:45:40,113 [Worker-10: Download sources and javadoc] INFO  o.e.m.j.internal.DownloadSourcesJob - Downloaded sources for org.apache.httpcomponents:httpcore:4.4.1
2024-02-29 06:45:40,153 [Worker-10: Download sources and javadoc] INFO  o.e.m.c.i.e.AbstractTransferListenerAdapter - Downloading https://repo.maven.apache.org/maven2/org/slf4j/slf4j-api/1.7.25/slf4j-api-1.7.25-sources.jar
2024-02-29 06:45:40,295 [Worker-10: Download sources and javadoc] INFO  o.e.m.c.i.e.AbstractTransferListenerAdapter - Downloaded https://repo.maven.apache.org/maven2/org/slf4j/slf4j-api/1.7.25/slf4j-api-1.7.25-sources.jar
2024-02-29 06:45:40,299 [Worker-10: Download sources and javadoc] INFO  o.e.m.j.internal.DownloadSourcesJob - Downloaded sources for org.slf4j:slf4j-api:1.7.25
2024-02-29 06:45:40,403 [Worker-10: Download sources and javadoc] INFO  o.e.m.c.i.e.AbstractTransferListenerAdapter - Downloading https://repo.maven.apache.org/maven2/com/fasterxml/jackson/core/jackson-core/2.12.2/jackson-core-2.12.2-sources.jar
2024-02-29 06:45:40,554 [Worker-10: Download sources and javadoc] INFO  o.e.m.c.i.e.AbstractTransferListenerAdapter - Downloaded https://repo.maven.apache.org/maven2/com/fasterxml/jackson/core/jackson-core/2.12.2/jackson-core-2.12.2-sources.jar
2024-02-29 06:45:40,562 [Worker-10: Download sources and javadoc] INFO  o.e.m.j.internal.DownloadSourcesJob - Downloaded sources for com.fasterxml.jackson.core:jackson-core:2.12.2
2024-02-29 06:45:40,594 [Worker-10: Download sources and javadoc] INFO  o.e.m.c.i.e.AbstractTransferListenerAdapter - Downloading https://repo.maven.apache.org/maven2/com/fasterxml/jackson/core/jackson-databind/2.12.2/jackson-databind-2.12.2-sources.jar
2024-02-29 06:45:40,828 [Worker-10: Download sources and javadoc] INFO  o.e.m.c.i.e.AbstractTransferListenerAdapter - Downloaded https://repo.maven.apache.org/maven2/com/fasterxml/jackson/core/jackson-databind/2.12.2/jackson-databind-2.12.2-sources.jar
2024-02-29 06:45:40,832 [Worker-10: Download sources and javadoc] INFO  o.e.m.j.internal.DownloadSourcesJob - Downloaded sources for com.fasterxml.jackson.core:jackson-databind:2.12.2
2024-02-29 06:45:40,893 [Worker-10: Download sources and javadoc] INFO  o.e.m.c.i.e.AbstractTransferListenerAdapter - Downloading https://repo.maven.apache.org/maven2/com/fasterxml/jackson/core/jackson-annotations/2.12.2/jackson-annotations-2.12.2-sources.jar
2024-02-29 06:45:40,998 [Worker-10: Download sources and javadoc] INFO  o.e.m.c.i.e.AbstractTransferListenerAdapter - Downloaded https://repo.maven.apache.org/maven2/com/fasterxml/jackson/core/jackson-annotations/2.12.2/jackson-annotations-2.12.2-sources.jar
2024-02-29 06:45:41,002 [Worker-10: Download sources and javadoc] INFO  o.e.m.j.internal.DownloadSourcesJob - Downloaded sources for com.fasterxml.jackson.core:jackson-annotations:2.12.2
2024-02-29 06:45:41,067 [Worker-10: Download sources and javadoc] INFO  o.e.m.c.i.e.AbstractTransferListenerAdapter - Downloading https://repo.maven.apache.org/maven2/net/bytebuddy/byte-buddy/1.12.7/byte-buddy-1.12.7-sources.jar
2024-02-29 06:45:41,231 [Worker-10: Download sources and javadoc] INFO  o.e.m.c.i.e.AbstractTransferListenerAdapter - Downloaded https://repo.maven.apache.org/maven2/net/bytebuddy/byte-buddy/1.12.7/byte-buddy-1.12.7-sources.jar
2024-02-29 06:45:41,235 [Worker-10: Download sources and javadoc] INFO  o.e.m.j.internal.DownloadSourcesJob - Downloaded sources for net.bytebuddy:byte-buddy:1.12.7
2024-02-29 06:45:41,287 [Worker-10: Download sources and javadoc] INFO  o.e.m.c.i.e.AbstractTransferListenerAdapter - Downloading https://repo.maven.apache.org/maven2/org/apache/tomcat/embed/tomcat-embed-el/10.1.5/tomcat-embed-el-10.1.5-sources.jar
2024-02-29 06:45:41,340 [Worker-10: Download sources and javadoc] INFO  o.e.m.c.i.e.AbstractTransferListenerAdapter - Downloaded https://repo.maven.apache.org/maven2/org/apache/tomcat/embed/tomcat-embed-el/10.1.5/tomcat-embed-el-10.1.5-sources.jar
2024-02-29 06:45:41,344 [Worker-10: Download sources and javadoc] INFO  o.e.m.j.internal.DownloadSourcesJob - Downloaded sources for org.apache.tomcat.embed:tomcat-embed-el:10.1.5
2024-02-29 06:45:41,388 [Worker-10: Download sources and javadoc] INFO  o.e.m.c.i.e.AbstractTransferListenerAdapter - Downloading https://repo.maven.apache.org/maven2/org/hibernate/validator/hibernate-validator/8.0.0.Final/hibernate-validator-8.0.0.Final-sources.jar
2024-02-29 06:45:41,486 [Worker-10: Download sources and javadoc] INFO  o.e.m.c.i.e.AbstractTransferListenerAdapter - Downloaded https://repo.maven.apache.org/maven2/org/hibernate/validator/hibernate-validator/8.0.0.Final/hibernate-validator-8.0.0.Final-sources.jar
2024-02-29 06:45:41,490 [Worker-10: Download sources and javadoc] INFO  o.e.m.j.internal.DownloadSourcesJob - Downloaded sources for org.hibernate.validator:hibernate-validator:8.0.0.Final
2024-02-29 06:45:41,518 [Worker-10: Download sources and javadoc] INFO  o.e.m.c.i.e.AbstractTransferListenerAdapter - Downloading https://repo.maven.apache.org/maven2/jakarta/validation/jakarta.validation-api/3.0.2/jakarta.validation-api-3.0.2-sources.jar
2024-02-29 06:45:41,554 [Worker-10: Download sources and javadoc] INFO  o.e.m.c.i.e.AbstractTransferListenerAdapter - Downloaded https://repo.maven.apache.org/maven2/jakarta/validation/jakarta.validation-api/3.0.2/jakarta.validation-api-3.0.2-sources.jar
2024-02-29 06:45:41,558 [Worker-10: Download sources and javadoc] INFO  o.e.m.j.internal.DownloadSourcesJob - Downloaded sources for jakarta.validation:jakarta.validation-api:3.0.2
2024-02-29 06:45:47,322 [Worker-12: Building] INFO  o.e.m.c.i.embedder.EclipseLogger - Using 'UTF-8' encoding to copy filtered resources.
2024-02-29 06:45:47,328 [Worker-12: Building] INFO  o.e.m.c.i.embedder.EclipseLogger - Copying 2 resources
2024-02-29 06:45:47,367 [Worker-12: Building] INFO  o.e.m.c.i.embedder.EclipseLogger - Using 'UTF-8' encoding to copy filtered resources.
2024-02-29 06:45:47,367 [Worker-12: Building] INFO  o.e.m.c.i.embedder.EclipseLogger - skip non existing resourceDirectory C:\metaResponseBatchFile\batchfile\src\test\resources
2024-02-29 06:47:55,020 [Worker-13: Building] INFO  o.e.m.c.i.l.LifecycleMappingFactory - Using org.eclipse.m2e.jdt.JarLifecycleMapping lifecycle mapping for MavenProject: uploadFileToDB:uploadFileToDB:0.0.1-SNAPSHOT @ C:\metaResponseBatchFile\metaResponseBatchFile\pom.xml.
2024-02-29 06:47:58,256 [Worker-13: Building] INFO  o.e.m.c.i.embedder.EclipseLogger - Using 'UTF-8' encoding to copy filtered resources.
2024-02-29 06:47:58,273 [Worker-13: Building] INFO  o.e.m.c.i.embedder.EclipseLogger - Copying 2 resources
2024-02-29 06:47:58,290 [Worker-13: Building] INFO  o.e.m.c.i.embedder.EclipseLogger - Using 'UTF-8' encoding to copy filtered resources.
2024-02-29 06:47:58,290 [Worker-13: Building] INFO  o.e.m.c.i.embedder.EclipseLogger - skip non existing resourceDirectory C:\metaResponseBatchFile\metaResponseBatchFile\src\test\resources
2024-02-29 06:47:58,482 [Worker-14: Download sources and javadoc] ERROR o.e.m.j.internal.DownloadSourcesJob - Could not download javadoc for com.securedloan:arthavedika:0.0.1-SNAPSHOT
org.eclipse.core.runtime.CoreException: Could not resolve artifact com.securedloan:arthavedika:jar:javadoc:0.0.1-SNAPSHOT
	at org.eclipse.m2e.core.internal.embedder.MavenImpl.lambda$6(MavenImpl.java:584)
	at org.eclipse.m2e.core.internal.embedder.MavenExecutionContext.executeBare(MavenExecutionContext.java:394)
	at org.eclipse.m2e.core.internal.embedder.MavenExecutionContext.execute(MavenExecutionContext.java:228)
	at org.eclipse.m2e.core.internal.embedder.MavenExecutionContext.execute(MavenExecutionContext.java:214)
	at org.eclipse.m2e.core.internal.embedder.MavenImpl.resolve(MavenImpl.java:553)
	at org.eclipse.m2e.core.internal.embedder.MavenImpl.resolve(MavenImpl.java:538)
	at org.eclipse.m2e.jdt.internal.DownloadSourcesJob.download(DownloadSourcesJob.java:308)
	at org.eclipse.m2e.jdt.internal.DownloadSourcesJob.downloadAttachments(DownloadSourcesJob.java:294)
	at org.eclipse.m2e.jdt.internal.DownloadSourcesJob.downloadMaven(DownloadSourcesJob.java:252)
	at org.eclipse.m2e.jdt.internal.DownloadSourcesJob.downloadFilesAndPopulateToUpdate(DownloadSourcesJob.java:220)
	at org.eclipse.m2e.jdt.internal.DownloadSourcesJob.lambda$0(DownloadSourcesJob.java:149)
	at org.eclipse.m2e.core.internal.embedder.MavenExecutionContext.executeBare(MavenExecutionContext.java:394)
	at org.eclipse.m2e.core.internal.embedder.MavenExecutionContext.execute(MavenExecutionContext.java:275)
	at org.eclipse.m2e.core.internal.embedder.MavenExecutionContext.execute(MavenExecutionContext.java:214)
	at org.eclipse.m2e.core.embedder.IMaven.execute(IMaven.java:294)
	at org.eclipse.m2e.jdt.internal.DownloadSourcesJob.run(DownloadSourcesJob.java:149)
	at org.eclipse.core.internal.jobs.Worker.run(Worker.java:63)
2024-02-29 06:48:16,106 [Worker-15: Building] INFO  o.e.m.c.i.embedder.EclipseLogger - Using 'UTF-8' encoding to copy filtered resources.
2024-02-29 06:48:16,110 [Worker-15: Building] INFO  o.e.m.c.i.embedder.EclipseLogger - Copying 2 resources
2024-02-29 06:48:16,121 [Worker-15: Building] INFO  o.e.m.c.i.embedder.EclipseLogger - Using 'UTF-8' encoding to copy filtered resources.
2024-02-29 06:48:16,121 [Worker-15: Building] INFO  o.e.m.c.i.embedder.EclipseLogger - skip non existing resourceDirectory C:\metaResponseBatchFile\metaResponseBatchFile\src\test\resources
2024-02-29 06:48:25,654 [Worker-17: Building] INFO  o.e.m.c.i.embedder.EclipseLogger - Using 'UTF-8' encoding to copy filtered resources.
2024-02-29 06:48:25,659 [Worker-17: Building] INFO  o.e.m.c.i.embedder.EclipseLogger - Copying 2 resources
2024-02-29 06:48:25,663 [Worker-17: Building] INFO  o.e.m.c.i.embedder.EclipseLogger - Using 'UTF-8' encoding to copy filtered resources.
2024-02-29 06:48:25,663 [Worker-17: Building] INFO  o.e.m.c.i.embedder.EclipseLogger - skip non existing resourceDirectory C:\metaResponseBatchFile\metaResponseBatchFile\src\test\resources
2024-02-29 08:38:37,325 [Worker-21: Building] INFO  o.e.m.c.i.embedder.EclipseLogger - Using 'UTF-8' encoding to copy filtered resources.
2024-02-29 08:38:37,397 [Worker-21: Building] INFO  o.e.m.c.i.embedder.EclipseLogger - Copying 1 resource
2024-02-29 08:38:37,422 [Worker-21: Building] INFO  o.e.m.c.i.embedder.EclipseLogger - Using 'UTF-8' encoding to copy filtered resources.
2024-02-29 08:38:37,423 [Worker-21: Building] INFO  o.e.m.c.i.embedder.EclipseLogger - skip non existing resourceDirectory C:\metaResponseBatchFile\metaResponseBatchFile\src\test\resources
2024-02-29 08:39:27,494 [Worker-25: Building] INFO  o.e.m.c.i.embedder.EclipseLogger - Using 'UTF-8' encoding to copy filtered resources.
2024-02-29 08:39:27,498 [Worker-25: Building] INFO  o.e.m.c.i.embedder.EclipseLogger - Copying 1 resource
2024-02-29 08:39:27,505 [Worker-25: Building] INFO  o.e.m.c.i.embedder.EclipseLogger - Using 'UTF-8' encoding to copy filtered resources.
2024-02-29 08:39:27,505 [Worker-25: Building] INFO  o.e.m.c.i.embedder.EclipseLogger - skip non existing resourceDirectory C:\metaResponseBatchFile\metaResponseBatchFile\src\test\resources
2024-02-29 08:46:41,544 [Worker-28: Building] INFO  o.e.m.c.i.l.LifecycleMappingFactory - Using org.eclipse.m2e.jdt.JarLifecycleMapping lifecycle mapping for MavenProject: metaResponseBatch:metaResponseBatch:0.0.1-SNAPSHOT @ C:\metaResponseBatchFile\metaResponseBatchFile\pom.xml.
2024-02-29 08:46:42,914 [Worker-28: Building] INFO  o.e.m.c.i.embedder.EclipseLogger - Using 'UTF-8' encoding to copy filtered resources.
2024-02-29 08:46:42,916 [Worker-28: Building] INFO  o.e.m.c.i.embedder.EclipseLogger - Copying 0 resource
2024-02-29 08:46:42,920 [Worker-28: Building] INFO  o.e.m.c.i.embedder.EclipseLogger - Using 'UTF-8' encoding to copy filtered resources.
2024-02-29 08:46:42,921 [Worker-28: Building] INFO  o.e.m.c.i.embedder.EclipseLogger - skip non existing resourceDirectory C:\metaResponseBatchFile\metaResponseBatchFile\src\test\resources
2024-02-29 08:53:25,582 [Worker-37: Building] INFO  o.e.m.c.i.embedder.EclipseLogger - Using 'UTF-8' encoding to copy filtered resources.
2024-02-29 08:53:25,583 [Worker-37: Building] INFO  o.e.m.c.i.embedder.EclipseLogger - Copying 3 resources
2024-02-29 08:53:25,603 [Worker-37: Building] INFO  o.e.m.c.i.embedder.EclipseLogger - Using 'UTF-8' encoding to copy filtered resources.
2024-02-29 08:53:25,605 [Worker-37: Building] INFO  o.e.m.c.i.embedder.EclipseLogger - skip non existing resourceDirectory C:\metaResponseBatchFile\metaResponseBatchFile\src\test\resources
2024-02-29 08:53:47,494 [Worker-43: Building] INFO  o.e.m.c.i.embedder.EclipseLogger - Using 'UTF-8' encoding to copy filtered resources.
2024-02-29 08:53:47,495 [Worker-43: Building] INFO  o.e.m.c.i.embedder.EclipseLogger - Copying 0 resource
2024-02-29 08:53:47,498 [Worker-43: Building] INFO  o.e.m.c.i.embedder.EclipseLogger - Using 'UTF-8' encoding to copy filtered resources.
2024-02-29 08:53:47,499 [Worker-43: Building] INFO  o.e.m.c.i.embedder.EclipseLogger - skip non existing resourceDirectory C:\metaResponseBatchFile\metaResponseBatchFile\src\test\resources
2024-02-29 09:13:06,613 [Worker-47: Building] INFO  o.e.m.c.i.embedder.EclipseLogger - Using 'UTF-8' encoding to copy filtered resources.
2024-02-29 09:13:06,616 [Worker-47: Building] INFO  o.e.m.c.i.embedder.EclipseLogger - Copying 3 resources
2024-02-29 09:13:06,623 [Worker-47: Building] INFO  o.e.m.c.i.embedder.EclipseLogger - Using 'UTF-8' encoding to copy filtered resources.
2024-02-29 09:13:06,623 [Worker-47: Building] INFO  o.e.m.c.i.embedder.EclipseLogger - skip non existing resourceDirectory C:\metaResponseBatchFile\metaResponseBatchFile\src\test\resources
2024-02-29 09:13:21,904 [Worker-47: Building] INFO  o.e.m.c.i.embedder.EclipseLogger - Using 'UTF-8' encoding to copy filtered resources.
2024-02-29 09:13:21,905 [Worker-47: Building] INFO  o.e.m.c.i.embedder.EclipseLogger - Copying 3 resources
2024-02-29 09:13:21,916 [Worker-47: Building] INFO  o.e.m.c.i.embedder.EclipseLogger - Using 'UTF-8' encoding to copy filtered resources.
2024-02-29 09:13:21,916 [Worker-47: Building] INFO  o.e.m.c.i.embedder.EclipseLogger - skip non existing resourceDirectory C:\metaResponseBatchFile\metaResponseBatchFile\src\test\resources
2024-02-29 09:28:34,813 [Worker-53: Building] INFO  o.e.m.c.i.embedder.EclipseLogger - Using 'UTF-8' encoding to copy filtered resources.
2024-02-29 09:28:34,814 [Worker-53: Building] INFO  o.e.m.c.i.embedder.EclipseLogger - Copying 3 resources
2024-02-29 09:28:34,819 [Worker-53: Building] INFO  o.e.m.c.i.embedder.EclipseLogger - Using 'UTF-8' encoding to copy filtered resources.
2024-02-29 09:28:34,819 [Worker-53: Building] INFO  o.e.m.c.i.embedder.EclipseLogger - skip non existing resourceDirectory C:\metaResponseBatchFile\metaResponseBatchFile\src\test\resources
2024-02-29 09:29:07,816 [Worker-53: Launching JasperReportPDFGenerator] INFO  o.e.m.c.i.embedder.EclipseLogger - Using 'UTF-8' encoding to copy filtered resources.
2024-02-29 09:29:07,817 [Worker-53: Launching JasperReportPDFGenerator] INFO  o.e.m.c.i.embedder.EclipseLogger - Copying 3 resources
2024-02-29 09:29:07,822 [Worker-53: Launching JasperReportPDFGenerator] INFO  o.e.m.c.i.embedder.EclipseLogger - Using 'UTF-8' encoding to copy filtered resources.
2024-02-29 09:29:07,822 [Worker-53: Launching JasperReportPDFGenerator] INFO  o.e.m.c.i.embedder.EclipseLogger - skip non existing resourceDirectory C:\metaResponseBatchFile\metaResponseBatchFile\src\test\resources
2024-02-29 09:30:15,517 [Worker-49: Building] INFO  o.e.m.c.i.embedder.EclipseLogger - Using 'UTF-8' encoding to copy filtered resources.
2024-02-29 09:30:15,519 [Worker-49: Building] INFO  o.e.m.c.i.embedder.EclipseLogger - Copying 3 resources
2024-02-29 09:30:15,525 [Worker-49: Building] INFO  o.e.m.c.i.embedder.EclipseLogger - Using 'UTF-8' encoding to copy filtered resources.
2024-02-29 09:30:15,526 [Worker-49: Building] INFO  o.e.m.c.i.embedder.EclipseLogger - skip non existing resourceDirectory C:\metaResponseBatchFile\metaResponseBatchFile\src\test\resources
2024-02-29 09:31:17,111 [Worker-56: Building] INFO  o.e.m.c.i.embedder.EclipseLogger - Using 'UTF-8' encoding to copy filtered resources.
2024-02-29 09:31:17,112 [Worker-56: Building] INFO  o.e.m.c.i.embedder.EclipseLogger - Copying 4 resources
2024-02-29 09:31:17,138 [Worker-56: Building] INFO  o.e.m.c.i.embedder.EclipseLogger - Using 'UTF-8' encoding to copy filtered resources.
2024-02-29 09:31:17,138 [Worker-56: Building] INFO  o.e.m.c.i.embedder.EclipseLogger - skip non existing resourceDirectory C:\metaResponseBatchFile\metaResponseBatchFile\src\test\resources
2024-02-29 09:38:06,345 [Worker-55: Building] INFO  o.e.m.c.i.embedder.EclipseLogger - Using 'UTF-8' encoding to copy filtered resources.
2024-02-29 09:38:06,348 [Worker-55: Building] INFO  o.e.m.c.i.embedder.EclipseLogger - Copying 4 resources
2024-02-29 09:38:06,516 [Worker-55: Building] INFO  o.e.m.c.i.embedder.EclipseLogger - Using 'UTF-8' encoding to copy filtered resources.
2024-02-29 09:38:06,517 [Worker-55: Building] INFO  o.e.m.c.i.embedder.EclipseLogger - skip non existing resourceDirectory C:\metaResponseBatchFile\metaResponseBatchFile\src\test\resources
2024-02-29 09:39:01,602 [Worker-58: Launching JasperReportPDFGenerator] INFO  o.e.m.c.i.embedder.EclipseLogger - Using 'UTF-8' encoding to copy filtered resources.
2024-02-29 09:39:01,611 [Worker-58: Launching JasperReportPDFGenerator] INFO  o.e.m.c.i.embedder.EclipseLogger - Copying 4 resources
2024-02-29 09:39:01,655 [Worker-58: Launching JasperReportPDFGenerator] INFO  o.e.m.c.i.embedder.EclipseLogger - Using 'UTF-8' encoding to copy filtered resources.
2024-02-29 09:39:01,656 [Worker-58: Launching JasperReportPDFGenerator] INFO  o.e.m.c.i.embedder.EclipseLogger - skip non existing resourceDirectory C:\metaResponseBatchFile\metaResponseBatchFile\src\test\resources
2024-02-29 09:40:48,322 [Worker-54: Building] INFO  o.e.m.c.i.embedder.EclipseLogger - Using 'UTF-8' encoding to copy filtered resources.
2024-02-29 09:40:48,323 [Worker-54: Building] INFO  o.e.m.c.i.embedder.EclipseLogger - Copying 1 resource
2024-02-29 09:40:48,327 [Worker-54: Building] INFO  o.e.m.c.i.embedder.EclipseLogger - Using 'UTF-8' encoding to copy filtered resources.
2024-02-29 09:40:48,327 [Worker-54: Building] INFO  o.e.m.c.i.embedder.EclipseLogger - skip non existing resourceDirectory C:\metaResponseBatchFile\metaResponseBatchFile\src\test\resources
2024-02-29 09:47:28,260 [Worker-61: Building] INFO  o.e.m.c.i.embedder.EclipseLogger - Using 'UTF-8' encoding to copy filtered resources.
2024-02-29 09:47:28,261 [Worker-61: Building] INFO  o.e.m.c.i.embedder.EclipseLogger - Copying 1 resource
2024-02-29 09:47:28,265 [Worker-61: Building] INFO  o.e.m.c.i.embedder.EclipseLogger - Using 'UTF-8' encoding to copy filtered resources.
2024-02-29 09:47:28,265 [Worker-61: Building] INFO  o.e.m.c.i.embedder.EclipseLogger - skip non existing resourceDirectory C:\metaResponseBatchFile\metaResponseBatchFile\src\test\resources
2024-02-29 09:48:20,624 [Worker-61: Building] INFO  o.e.m.c.i.embedder.EclipseLogger - Using 'UTF-8' encoding to copy filtered resources.
2024-02-29 09:48:20,626 [Worker-61: Building] INFO  o.e.m.c.i.embedder.EclipseLogger - Copying 4 resources
2024-02-29 09:48:20,881 [Worker-61: Building] INFO  o.e.m.c.i.embedder.EclipseLogger - Using 'UTF-8' encoding to copy filtered resources.
2024-02-29 09:48:20,881 [Worker-61: Building] INFO  o.e.m.c.i.embedder.EclipseLogger - skip non existing resourceDirectory C:\metaResponseBatchFile\metaResponseBatchFile\src\test\resources
2024-02-29 09:48:48,132 [Worker-61: Launching JasperReportPDFGenerator] INFO  o.e.m.c.i.embedder.EclipseLogger - Using 'UTF-8' encoding to copy filtered resources.
2024-02-29 09:48:48,137 [Worker-61: Launching JasperReportPDFGenerator] INFO  o.e.m.c.i.embedder.EclipseLogger - Copying 4 resources
2024-02-29 09:48:48,187 [Worker-61: Launching JasperReportPDFGenerator] INFO  o.e.m.c.i.embedder.EclipseLogger - Using 'UTF-8' encoding to copy filtered resources.
2024-02-29 09:48:48,188 [Worker-61: Launching JasperReportPDFGenerator] INFO  o.e.m.c.i.embedder.EclipseLogger - skip non existing resourceDirectory C:\metaResponseBatchFile\metaResponseBatchFile\src\test\resources
2024-02-29 09:54:21,554 [Worker-64: Launching JasperReportPDFGenerator] INFO  o.e.m.c.i.embedder.EclipseLogger - Using 'UTF-8' encoding to copy filtered resources.
2024-02-29 09:54:21,555 [Worker-64: Launching JasperReportPDFGenerator] INFO  o.e.m.c.i.embedder.EclipseLogger - Copying 4 resources
2024-02-29 09:54:21,606 [Worker-64: Launching JasperReportPDFGenerator] INFO  o.e.m.c.i.embedder.EclipseLogger - Using 'UTF-8' encoding to copy filtered resources.
2024-02-29 09:54:21,606 [Worker-64: Launching JasperReportPDFGenerator] INFO  o.e.m.c.i.embedder.EclipseLogger - skip non existing resourceDirectory C:\metaResponseBatchFile\metaResponseBatchFile\src\test\resources
2024-02-29 09:55:31,913 [Worker-68: Building] INFO  o.e.m.c.i.embedder.EclipseLogger - Using 'UTF-8' encoding to copy filtered resources.
2024-02-29 09:55:31,915 [Worker-68: Building] INFO  o.e.m.c.i.embedder.EclipseLogger - Copying 4 resources
2024-02-29 09:55:31,919 [Worker-68: Building] INFO  o.e.m.c.i.embedder.EclipseLogger - Using 'UTF-8' encoding to copy filtered resources.
2024-02-29 09:55:31,920 [Worker-68: Building] INFO  o.e.m.c.i.embedder.EclipseLogger - skip non existing resourceDirectory C:\metaResponseBatchFile\metaResponseBatchFile\src\test\resources
2024-02-29 09:56:43,362 [Worker-67: Building] INFO  o.e.m.c.i.embedder.EclipseLogger - Using 'UTF-8' encoding to copy filtered resources.
2024-02-29 09:56:43,363 [Worker-67: Building] INFO  o.e.m.c.i.embedder.EclipseLogger - Copying 4 resources
2024-02-29 09:56:43,366 [Worker-67: Building] INFO  o.e.m.c.i.embedder.EclipseLogger - Using 'UTF-8' encoding to copy filtered resources.
2024-02-29 09:56:43,367 [Worker-67: Building] INFO  o.e.m.c.i.embedder.EclipseLogger - skip non existing resourceDirectory C:\metaResponseBatchFile\metaResponseBatchFile\src\test\resources
2024-02-29 10:08:36,459 [Worker-64: Building] INFO  o.e.m.c.i.embedder.EclipseLogger - Using 'UTF-8' encoding to copy filtered resources.
2024-02-29 10:08:36,460 [Worker-64: Building] INFO  o.e.m.c.i.embedder.EclipseLogger - Copying 4 resources
2024-02-29 10:08:36,463 [Worker-64: Building] INFO  o.e.m.c.i.embedder.EclipseLogger - Using 'UTF-8' encoding to copy filtered resources.
2024-02-29 10:08:36,463 [Worker-64: Building] INFO  o.e.m.c.i.embedder.EclipseLogger - skip non existing resourceDirectory C:\metaResponseBatchFile\metaResponseBatchFile\src\test\resources
2024-02-29 10:10:15,396 [Worker-64: Building] INFO  o.e.m.c.i.embedder.EclipseLogger - Using 'UTF-8' encoding to copy filtered resources.
2024-02-29 10:10:15,397 [Worker-64: Building] INFO  o.e.m.c.i.embedder.EclipseLogger - Copying 4 resources
2024-02-29 10:10:15,400 [Worker-64: Building] INFO  o.e.m.c.i.embedder.EclipseLogger - Using 'UTF-8' encoding to copy filtered resources.
2024-02-29 10:10:15,400 [Worker-64: Building] INFO  o.e.m.c.i.embedder.EclipseLogger - skip non existing resourceDirectory C:\metaResponseBatchFile\metaResponseBatchFile\src\test\resources
2024-02-29 10:10:33,211 [Worker-74: Launching JasperReportPDFGenerator] INFO  o.e.m.c.i.embedder.EclipseLogger - Using 'UTF-8' encoding to copy filtered resources.
2024-02-29 10:10:33,212 [Worker-74: Launching JasperReportPDFGenerator] INFO  o.e.m.c.i.embedder.EclipseLogger - Copying 4 resources
2024-02-29 10:10:33,214 [Worker-74: Launching JasperReportPDFGenerator] INFO  o.e.m.c.i.embedder.EclipseLogger - Using 'UTF-8' encoding to copy filtered resources.
2024-02-29 10:10:33,215 [Worker-74: Launching JasperReportPDFGenerator] INFO  o.e.m.c.i.embedder.EclipseLogger - skip non existing resourceDirectory C:\metaResponseBatchFile\metaResponseBatchFile\src\test\resources
2024-03-01 06:02:10,901 [Worker-84: Building] INFO  o.e.m.c.i.embedder.EclipseLogger - Using 'UTF-8' encoding to copy filtered resources.
2024-03-01 06:02:10,902 [Worker-84: Building] INFO  o.e.m.c.i.embedder.EclipseLogger - Copying 4 resources
2024-03-01 06:02:10,907 [Worker-84: Building] INFO  o.e.m.c.i.embedder.EclipseLogger - Using 'UTF-8' encoding to copy filtered resources.
2024-03-01 06:02:10,908 [Worker-84: Building] INFO  o.e.m.c.i.embedder.EclipseLogger - skip non existing resourceDirectory C:\metaResponseBatchFile\metaResponseBatchFile\src\test\resources
2024-03-01 06:02:42,358 [Worker-86: Building] INFO  o.e.m.c.i.embedder.EclipseLogger - Using 'UTF-8' encoding to copy filtered resources.
2024-03-01 06:02:42,360 [Worker-86: Building] INFO  o.e.m.c.i.embedder.EclipseLogger - Copying 4 resources
2024-03-01 06:02:42,363 [Worker-86: Building] INFO  o.e.m.c.i.embedder.EclipseLogger - Using 'UTF-8' encoding to copy filtered resources.
2024-03-01 06:02:42,364 [Worker-86: Building] INFO  o.e.m.c.i.embedder.EclipseLogger - skip non existing resourceDirectory C:\metaResponseBatchFile\metaResponseBatchFile\src\test\resources
2024-03-01 06:12:43,649 [Worker-89: Building] INFO  o.e.m.c.i.embedder.EclipseLogger - Using 'UTF-8' encoding to copy filtered resources.
2024-03-01 06:12:43,650 [Worker-89: Building] INFO  o.e.m.c.i.embedder.EclipseLogger - Copying 1 resource
2024-03-01 06:12:43,654 [Worker-89: Building] INFO  o.e.m.c.i.embedder.EclipseLogger - Using 'UTF-8' encoding to copy filtered resources.
2024-03-01 06:12:43,654 [Worker-89: Building] INFO  o.e.m.c.i.embedder.EclipseLogger - skip non existing resourceDirectory C:\metaResponseBatchFile\metaResponseBatchFile\src\test\resources
2024-03-01 06:13:36,778 [Worker-86: Building] INFO  o.e.m.c.i.embedder.EclipseLogger - Using 'UTF-8' encoding to copy filtered resources.
2024-03-01 06:13:36,779 [Worker-86: Building] INFO  o.e.m.c.i.embedder.EclipseLogger - Copying 4 resources
2024-03-01 06:13:36,782 [Worker-86: Building] INFO  o.e.m.c.i.embedder.EclipseLogger - Using 'UTF-8' encoding to copy filtered resources.
2024-03-01 06:13:36,783 [Worker-86: Building] INFO  o.e.m.c.i.embedder.EclipseLogger - skip non existing resourceDirectory C:\metaResponseBatchFile\metaResponseBatchFile\src\test\resources
2024-03-01 06:14:14,631 [Worker-91: Building] INFO  o.e.m.c.i.embedder.EclipseLogger - Using 'UTF-8' encoding to copy filtered resources.
2024-03-01 06:14:14,633 [Worker-91: Building] INFO  o.e.m.c.i.embedder.EclipseLogger - Copying 4 resources
2024-03-01 06:14:14,637 [Worker-91: Building] INFO  o.e.m.c.i.embedder.EclipseLogger - Using 'UTF-8' encoding to copy filtered resources.
2024-03-01 06:14:14,637 [Worker-91: Building] INFO  o.e.m.c.i.embedder.EclipseLogger - skip non existing resourceDirectory C:\metaResponseBatchFile\metaResponseBatchFile\src\test\resources
2024-03-01 06:15:29,683 [Worker-89: Building] INFO  o.e.m.c.i.embedder.EclipseLogger - Using 'UTF-8' encoding to copy filtered resources.
2024-03-01 06:15:29,683 [Worker-89: Building] INFO  o.e.m.c.i.embedder.EclipseLogger - Copying 1 resource
2024-03-01 06:15:29,687 [Worker-89: Building] INFO  o.e.m.c.i.embedder.EclipseLogger - Using 'UTF-8' encoding to copy filtered resources.
2024-03-01 06:15:29,687 [Worker-89: Building] INFO  o.e.m.c.i.embedder.EclipseLogger - skip non existing resourceDirectory C:\metaResponseBatchFile\metaResponseBatchFile\src\test\resources
2024-03-01 06:16:04,440 [Worker-86: Building] INFO  o.e.m.c.i.embedder.EclipseLogger - Using 'UTF-8' encoding to copy filtered resources.
2024-03-01 06:16:04,441 [Worker-86: Building] INFO  o.e.m.c.i.embedder.EclipseLogger - Copying 4 resources
2024-03-01 06:16:04,444 [Worker-86: Building] INFO  o.e.m.c.i.embedder.EclipseLogger - Using 'UTF-8' encoding to copy filtered resources.
2024-03-01 06:16:04,444 [Worker-86: Building] INFO  o.e.m.c.i.embedder.EclipseLogger - skip non existing resourceDirectory C:\metaResponseBatchFile\metaResponseBatchFile\src\test\resources
2024-03-01 06:22:35,770 [Worker-86: Building] INFO  o.e.m.c.i.embedder.EclipseLogger - Using 'UTF-8' encoding to copy filtered resources.
2024-03-01 06:22:35,771 [Worker-86: Building] INFO  o.e.m.c.i.embedder.EclipseLogger - Copying 1 resource
2024-03-01 06:22:35,775 [Worker-86: Building] INFO  o.e.m.c.i.embedder.EclipseLogger - Using 'UTF-8' encoding to copy filtered resources.
2024-03-01 06:22:35,775 [Worker-86: Building] INFO  o.e.m.c.i.embedder.EclipseLogger - skip non existing resourceDirectory C:\metaResponseBatchFile\metaResponseBatchFile\src\test\resources
2024-03-01 06:23:48,189 [Worker-88: Building] INFO  o.e.m.c.i.embedder.EclipseLogger - Using 'UTF-8' encoding to copy filtered resources.
2024-03-01 06:23:48,190 [Worker-88: Building] INFO  o.e.m.c.i.embedder.EclipseLogger - Copying 4 resources
2024-03-01 06:23:48,195 [Worker-88: Building] INFO  o.e.m.c.i.embedder.EclipseLogger - Using 'UTF-8' encoding to copy filtered resources.
2024-03-01 06:23:48,195 [Worker-88: Building] INFO  o.e.m.c.i.embedder.EclipseLogger - skip non existing resourceDirectory C:\metaResponseBatchFile\metaResponseBatchFile\src\test\resources
2024-03-01 06:32:13,279 [Worker-98: Building] INFO  o.e.m.c.i.embedder.EclipseLogger - Using 'UTF-8' encoding to copy filtered resources.
2024-03-01 06:32:13,280 [Worker-98: Building] INFO  o.e.m.c.i.embedder.EclipseLogger - Copying 4 resources
2024-03-01 06:32:13,283 [Worker-98: Building] INFO  o.e.m.c.i.embedder.EclipseLogger - Using 'UTF-8' encoding to copy filtered resources.
2024-03-01 06:32:13,284 [Worker-98: Building] INFO  o.e.m.c.i.embedder.EclipseLogger - skip non existing resourceDirectory C:\metaResponseBatchFile\metaResponseBatchFile\src\test\resources
2024-03-01 06:34:29,777 [Worker-98: Building] INFO  o.e.m.c.i.embedder.EclipseLogger - Using 'UTF-8' encoding to copy filtered resources.
2024-03-01 06:34:29,778 [Worker-98: Building] INFO  o.e.m.c.i.embedder.EclipseLogger - Copying 4 resources
2024-03-01 06:34:29,785 [Worker-98: Building] INFO  o.e.m.c.i.embedder.EclipseLogger - Using 'UTF-8' encoding to copy filtered resources.
2024-03-01 06:34:29,785 [Worker-98: Building] INFO  o.e.m.c.i.embedder.EclipseLogger - skip non existing resourceDirectory C:\metaResponseBatchFile\metaResponseBatchFile\src\test\resources
2024-03-01 06:35:11,771 [Worker-99: Launching Main] INFO  o.e.m.c.i.embedder.EclipseLogger - Using 'UTF-8' encoding to copy filtered resources.
2024-03-01 06:35:11,772 [Worker-99: Launching Main] INFO  o.e.m.c.i.embedder.EclipseLogger - Copying 4 resources
2024-03-01 06:35:11,775 [Worker-99: Launching Main] INFO  o.e.m.c.i.embedder.EclipseLogger - Using 'UTF-8' encoding to copy filtered resources.
2024-03-01 06:35:11,775 [Worker-99: Launching Main] INFO  o.e.m.c.i.embedder.EclipseLogger - skip non existing resourceDirectory C:\metaResponseBatchFile\metaResponseBatchFile\src\test\resources
2024-03-01 06:38:43,092 [Worker-101: Building] INFO  o.e.m.c.i.embedder.EclipseLogger - Using 'UTF-8' encoding to copy filtered resources.
2024-03-01 06:38:43,094 [Worker-101: Building] INFO  o.e.m.c.i.embedder.EclipseLogger - Copying 4 resources
2024-03-01 06:38:43,097 [Worker-101: Building] INFO  o.e.m.c.i.embedder.EclipseLogger - Using 'UTF-8' encoding to copy filtered resources.
2024-03-01 06:38:43,097 [Worker-101: Building] INFO  o.e.m.c.i.embedder.EclipseLogger - skip non existing resourceDirectory C:\metaResponseBatchFile\metaResponseBatchFile\src\test\resources
2024-03-01 06:45:18,764 [Worker-102: Building] INFO  o.e.m.c.i.embedder.EclipseLogger - Using 'UTF-8' encoding to copy filtered resources.
2024-03-01 06:45:18,765 [Worker-102: Building] INFO  o.e.m.c.i.embedder.EclipseLogger - Copying 1 resource
2024-03-01 06:45:18,773 [Worker-102: Building] INFO  o.e.m.c.i.embedder.EclipseLogger - Using 'UTF-8' encoding to copy filtered resources.
2024-03-01 06:45:18,773 [Worker-102: Building] INFO  o.e.m.c.i.embedder.EclipseLogger - skip non existing resourceDirectory C:\metaResponseBatchFile\metaResponseBatchFile\src\test\resources
2024-03-01 06:53:36,768 [Worker-103: Building] INFO  o.e.m.c.i.embedder.EclipseLogger - Using 'UTF-8' encoding to copy filtered resources.
2024-03-01 06:53:36,769 [Worker-103: Building] INFO  o.e.m.c.i.embedder.EclipseLogger - Copying 4 resources
2024-03-01 06:53:36,773 [Worker-103: Building] INFO  o.e.m.c.i.embedder.EclipseLogger - Using 'UTF-8' encoding to copy filtered resources.
2024-03-01 06:53:36,774 [Worker-103: Building] INFO  o.e.m.c.i.embedder.EclipseLogger - skip non existing resourceDirectory C:\metaResponseBatchFile\metaResponseBatchFile\src\test\resources
2024-03-01 06:56:27,814 [Worker-109: Building] INFO  o.e.m.c.i.embedder.EclipseLogger - Using 'UTF-8' encoding to copy filtered resources.
2024-03-01 06:56:27,815 [Worker-109: Building] INFO  o.e.m.c.i.embedder.EclipseLogger - Copying 4 resources
2024-03-01 06:56:27,818 [Worker-109: Building] INFO  o.e.m.c.i.embedder.EclipseLogger - Using 'UTF-8' encoding to copy filtered resources.
2024-03-01 06:56:27,819 [Worker-109: Building] INFO  o.e.m.c.i.embedder.EclipseLogger - skip non existing resourceDirectory C:\metaResponseBatchFile\metaResponseBatchFile\src\test\resources
2024-03-01 06:57:10,735 [Worker-106: Launching Main] INFO  o.e.m.c.i.embedder.EclipseLogger - Using 'UTF-8' encoding to copy filtered resources.
2024-03-01 06:57:10,737 [Worker-106: Launching Main] INFO  o.e.m.c.i.embedder.EclipseLogger - Copying 4 resources
2024-03-01 06:57:10,742 [Worker-106: Launching Main] INFO  o.e.m.c.i.embedder.EclipseLogger - Using 'UTF-8' encoding to copy filtered resources.
2024-03-01 06:57:10,742 [Worker-106: Launching Main] INFO  o.e.m.c.i.embedder.EclipseLogger - skip non existing resourceDirectory C:\metaResponseBatchFile\metaResponseBatchFile\src\test\resources
2024-03-02 05:54:19,409 [Worker-298: Building] INFO  o.e.m.c.i.embedder.EclipseLogger - Using 'UTF-8' encoding to copy filtered resources.
2024-03-02 05:54:19,410 [Worker-298: Building] INFO  o.e.m.c.i.embedder.EclipseLogger - Copying 1 resource
2024-03-02 05:54:19,415 [Worker-298: Building] INFO  o.e.m.c.i.embedder.EclipseLogger - Using 'UTF-8' encoding to copy filtered resources.
2024-03-02 05:54:19,415 [Worker-298: Building] INFO  o.e.m.c.i.embedder.EclipseLogger - skip non existing resourceDirectory C:\metaResponseBatchFile\metaResponseBatchFile\src\test\resources
2024-03-02 05:55:52,728 [Worker-299: Launching Main] INFO  o.e.m.c.i.embedder.EclipseLogger - Using 'UTF-8' encoding to copy filtered resources.
2024-03-02 05:55:52,739 [Worker-299: Launching Main] INFO  o.e.m.c.i.embedder.EclipseLogger - Copying 4 resources
2024-03-02 05:55:52,744 [Worker-299: Launching Main] INFO  o.e.m.c.i.embedder.EclipseLogger - Using 'UTF-8' encoding to copy filtered resources.
2024-03-02 05:55:52,745 [Worker-299: Launching Main] INFO  o.e.m.c.i.embedder.EclipseLogger - skip non existing resourceDirectory C:\metaResponseBatchFile\metaResponseBatchFile\src\test\resources
2024-03-02 06:04:44,204 [Worker-300: Launching Main] INFO  o.e.m.c.i.embedder.EclipseLogger - Using 'UTF-8' encoding to copy filtered resources.
2024-03-02 06:04:44,205 [Worker-300: Launching Main] INFO  o.e.m.c.i.embedder.EclipseLogger - Copying 4 resources
2024-03-02 06:04:44,207 [Worker-300: Launching Main] INFO  o.e.m.c.i.embedder.EclipseLogger - Using 'UTF-8' encoding to copy filtered resources.
2024-03-02 06:04:44,208 [Worker-300: Launching Main] INFO  o.e.m.c.i.embedder.EclipseLogger - skip non existing resourceDirectory C:\metaResponseBatchFile\metaResponseBatchFile\src\test\resources
2024-03-02 06:05:57,771 [Worker-304: Building] INFO  o.e.m.c.i.embedder.EclipseLogger - Using 'UTF-8' encoding to copy filtered resources.
2024-03-02 06:05:57,772 [Worker-304: Building] INFO  o.e.m.c.i.embedder.EclipseLogger - Copying 4 resources
2024-03-02 06:05:57,774 [Worker-304: Building] INFO  o.e.m.c.i.embedder.EclipseLogger - Using 'UTF-8' encoding to copy filtered resources.
2024-03-02 06:05:57,775 [Worker-304: Building] INFO  o.e.m.c.i.embedder.EclipseLogger - skip non existing resourceDirectory C:\metaResponseBatchFile\metaResponseBatchFile\src\test\resources
2024-03-02 06:15:01,878 [Worker-302: Building] INFO  o.e.m.c.i.embedder.EclipseLogger - Using 'UTF-8' encoding to copy filtered resources.
2024-03-02 06:15:01,879 [Worker-302: Building] INFO  o.e.m.c.i.embedder.EclipseLogger - Copying 1 resource
2024-03-02 06:15:01,882 [Worker-302: Building] INFO  o.e.m.c.i.embedder.EclipseLogger - Using 'UTF-8' encoding to copy filtered resources.
2024-03-02 06:15:01,883 [Worker-302: Building] INFO  o.e.m.c.i.embedder.EclipseLogger - skip non existing resourceDirectory C:\metaResponseBatchFile\metaResponseBatchFile\src\test\resources
2024-03-02 06:15:02,976 [Worker-302: Building] INFO  o.e.m.c.i.embedder.EclipseLogger - Using 'UTF-8' encoding to copy filtered resources.
2024-03-02 06:15:02,977 [Worker-302: Building] INFO  o.e.m.c.i.embedder.EclipseLogger - Copying 0 resource
2024-03-02 06:15:02,979 [Worker-302: Building] INFO  o.e.m.c.i.embedder.EclipseLogger - Using 'UTF-8' encoding to copy filtered resources.
2024-03-02 06:15:02,979 [Worker-302: Building] INFO  o.e.m.c.i.embedder.EclipseLogger - skip non existing resourceDirectory C:\metaResponseBatchFile\metaResponseBatchFile\src\test\resources
2024-03-02 07:07:28,939 [Worker-315: Building] INFO  o.e.m.c.i.embedder.EclipseLogger - Using 'UTF-8' encoding to copy filtered resources.
2024-03-02 07:07:28,941 [Worker-315: Building] INFO  o.e.m.c.i.embedder.EclipseLogger - Copying 4 resources
2024-03-02 07:07:28,943 [Worker-315: Building] INFO  o.e.m.c.i.embedder.EclipseLogger - Using 'UTF-8' encoding to copy filtered resources.
2024-03-02 07:07:28,944 [Worker-315: Building] INFO  o.e.m.c.i.embedder.EclipseLogger - skip non existing resourceDirectory C:\metaResponseBatchFile\metaResponseBatchFile\src\test\resources
2024-03-02 07:07:39,003 [Worker-315: Building] INFO  o.e.m.c.i.embedder.EclipseLogger - Using 'UTF-8' encoding to copy filtered resources.
2024-03-02 07:07:39,004 [Worker-315: Building] INFO  o.e.m.c.i.embedder.EclipseLogger - Copying 4 resources
2024-03-02 07:07:39,021 [Worker-315: Building] INFO  o.e.m.c.i.embedder.EclipseLogger - Using 'UTF-8' encoding to copy filtered resources.
2024-03-02 07:07:39,021 [Worker-315: Building] INFO  o.e.m.c.i.embedder.EclipseLogger - skip non existing resourceDirectory C:\metaResponseBatchFile\metaResponseBatchFile\src\test\resources
2024-03-02 07:11:34,599 [Worker-315: Building] INFO  o.e.m.c.i.embedder.EclipseLogger - Using 'UTF-8' encoding to copy filtered resources.
2024-03-02 07:11:34,600 [Worker-315: Building] INFO  o.e.m.c.i.embedder.EclipseLogger - Copying 1 resource
2024-03-02 07:11:34,604 [Worker-315: Building] INFO  o.e.m.c.i.embedder.EclipseLogger - Using 'UTF-8' encoding to copy filtered resources.
2024-03-02 07:11:34,605 [Worker-315: Building] INFO  o.e.m.c.i.embedder.EclipseLogger - skip non existing resourceDirectory C:\metaResponseBatchFile\metaResponseBatchFile\src\test\resources
2024-03-02 07:17:07,048 [Worker-316: Building] INFO  o.e.m.c.i.embedder.EclipseLogger - Using 'UTF-8' encoding to copy filtered resources.
2024-03-02 07:17:07,049 [Worker-316: Building] INFO  o.e.m.c.i.embedder.EclipseLogger - Copying 4 resources
2024-03-02 07:17:07,052 [Worker-316: Building] INFO  o.e.m.c.i.embedder.EclipseLogger - Using 'UTF-8' encoding to copy filtered resources.
2024-03-02 07:17:07,052 [Worker-316: Building] INFO  o.e.m.c.i.embedder.EclipseLogger - skip non existing resourceDirectory C:\metaResponseBatchFile\metaResponseBatchFile\src\test\resources
2024-03-02 07:23:38,006 [Worker-312: Building] INFO  o.e.m.c.i.embedder.EclipseLogger - Using 'UTF-8' encoding to copy filtered resources.
2024-03-02 07:23:38,007 [Worker-312: Building] INFO  o.e.m.c.i.embedder.EclipseLogger - Copying 4 resources
2024-03-02 07:23:38,009 [Worker-312: Building] INFO  o.e.m.c.i.embedder.EclipseLogger - Using 'UTF-8' encoding to copy filtered resources.
2024-03-02 07:23:38,010 [Worker-312: Building] INFO  o.e.m.c.i.embedder.EclipseLogger - skip non existing resourceDirectory C:\metaResponseBatchFile\metaResponseBatchFile\src\test\resources
2024-03-02 07:31:38,934 [Worker-323: Building] INFO  o.e.m.c.i.embedder.EclipseLogger - Using 'UTF-8' encoding to copy filtered resources.
2024-03-02 07:31:38,935 [Worker-323: Building] INFO  o.e.m.c.i.embedder.EclipseLogger - Copying 1 resource
2024-03-02 07:31:38,939 [Worker-323: Building] INFO  o.e.m.c.i.embedder.EclipseLogger - Using 'UTF-8' encoding to copy filtered resources.
2024-03-02 07:31:38,940 [Worker-323: Building] INFO  o.e.m.c.i.embedder.EclipseLogger - skip non existing resourceDirectory C:\metaResponseBatchFile\metaResponseBatchFile\src\test\resources
2024-03-02 07:31:39,983 [Worker-323: Building] INFO  o.e.m.c.i.embedder.EclipseLogger - Using 'UTF-8' encoding to copy filtered resources.
2024-03-02 07:31:39,983 [Worker-323: Building] INFO  o.e.m.c.i.embedder.EclipseLogger - Copying 0 resource
2024-03-02 07:31:39,986 [Worker-323: Building] INFO  o.e.m.c.i.embedder.EclipseLogger - Using 'UTF-8' encoding to copy filtered resources.
2024-03-02 07:31:39,986 [Worker-323: Building] INFO  o.e.m.c.i.embedder.EclipseLogger - skip non existing resourceDirectory C:\metaResponseBatchFile\metaResponseBatchFile\src\test\resources
2024-03-02 07:32:46,772 [Worker-323: Launching Main] INFO  o.e.m.c.i.embedder.EclipseLogger - Using 'UTF-8' encoding to copy filtered resources.
2024-03-02 07:32:46,773 [Worker-323: Launching Main] INFO  o.e.m.c.i.embedder.EclipseLogger - Copying 4 resources
2024-03-02 07:32:46,776 [Worker-323: Launching Main] INFO  o.e.m.c.i.embedder.EclipseLogger - Using 'UTF-8' encoding to copy filtered resources.
2024-03-02 07:32:46,777 [Worker-323: Launching Main] INFO  o.e.m.c.i.embedder.EclipseLogger - skip non existing resourceDirectory C:\metaResponseBatchFile\metaResponseBatchFile\src\test\resources
2024-03-02 07:41:12,321 [main] INFO  o.e.m2e.actions.ExecutePomAction - Creating new launch configuration
2024-03-02 07:41:20,271 [Worker-332: Launching metaResponseBatchFile] INFO  o.eclipse.m2e.core.internal.Bundles - getClasspathEntries(Bundle=org.eclipse.m2e.maven.runtime_3.8.701.20230209-1606 [271])
2024-03-02 07:41:20,333 [Worker-332: Launching metaResponseBatchFile] INFO  o.eclipse.m2e.core.internal.Bundles - 	Entry: C:\Users\ekta\.p2\pool\plugins\org.eclipse.m2e.maven.runtime_3.8.701.20230209-1606
2024-03-02 07:41:20,334 [Worker-332: Launching metaResponseBatchFile] INFO  o.eclipse.m2e.core.internal.Bundles - 	Entry: C:\Users\ekta\.p2\pool\plugins\org.eclipse.m2e.maven.runtime_3.8.701.20230209-1606\jars\aether-connector-okhttp-0.17.8.jar
2024-03-02 07:41:20,334 [Worker-332: Launching metaResponseBatchFile] INFO  o.eclipse.m2e.core.internal.Bundles - 	Entry: C:\Users\ekta\.p2\pool\plugins\org.eclipse.m2e.maven.runtime_3.8.701.20230209-1606\jars\commons-lang3-3.8.1.jar
2024-03-02 07:41:20,335 [Worker-332: Launching metaResponseBatchFile] INFO  o.eclipse.m2e.core.internal.Bundles - 	Entry: C:\Users\ekta\.p2\pool\plugins\org.eclipse.m2e.maven.runtime_3.8.701.20230209-1606\jars\guice-4.2.2-no_aop.jar
2024-03-02 07:41:20,335 [Worker-332: Launching metaResponseBatchFile] INFO  o.eclipse.m2e.core.internal.Bundles - 	Entry: C:\Users\ekta\.p2\pool\plugins\org.eclipse.m2e.maven.runtime_3.8.701.20230209-1606\jars\jansi-2.4.0.jar
2024-03-02 07:41:20,335 [Worker-332: Launching metaResponseBatchFile] INFO  o.eclipse.m2e.core.internal.Bundles - 	Entry: C:\Users\ekta\.p2\pool\plugins\org.eclipse.m2e.maven.runtime_3.8.701.20230209-1606\jars\maven-artifact-3.8.7.jar
2024-03-02 07:41:20,335 [Worker-332: Launching metaResponseBatchFile] INFO  o.eclipse.m2e.core.internal.Bundles - 	Entry: C:\Users\ekta\.p2\pool\plugins\org.eclipse.m2e.maven.runtime_3.8.701.20230209-1606\jars\maven-builder-support-3.8.7.jar
2024-03-02 07:41:20,336 [Worker-332: Launching metaResponseBatchFile] INFO  o.eclipse.m2e.core.internal.Bundles - 	Entry: C:\Users\ekta\.p2\pool\plugins\org.eclipse.m2e.maven.runtime_3.8.701.20230209-1606\jars\maven-compat-3.8.7.jar
2024-03-02 07:41:20,336 [Worker-332: Launching metaResponseBatchFile] INFO  o.eclipse.m2e.core.internal.Bundles - 	Entry: C:\Users\ekta\.p2\pool\plugins\org.eclipse.m2e.maven.runtime_3.8.701.20230209-1606\jars\maven-core-3.8.7.jar
2024-03-02 07:41:20,336 [Worker-332: Launching metaResponseBatchFile] INFO  o.eclipse.m2e.core.internal.Bundles - 	Entry: C:\Users\ekta\.p2\pool\plugins\org.eclipse.m2e.maven.runtime_3.8.701.20230209-1606\jars\maven-embedder-3.8.7.jar
2024-03-02 07:41:20,336 [Worker-332: Launching metaResponseBatchFile] INFO  o.eclipse.m2e.core.internal.Bundles - 	Entry: C:\Users\ekta\.p2\pool\plugins\org.eclipse.m2e.maven.runtime_3.8.701.20230209-1606\jars\maven-model-3.8.7.jar
2024-03-02 07:41:20,337 [Worker-332: Launching metaResponseBatchFile] INFO  o.eclipse.m2e.core.internal.Bundles - 	Entry: C:\Users\ekta\.p2\pool\plugins\org.eclipse.m2e.maven.runtime_3.8.701.20230209-1606\jars\maven-model-builder-3.8.7.jar
2024-03-02 07:41:20,337 [Worker-332: Launching metaResponseBatchFile] INFO  o.eclipse.m2e.core.internal.Bundles - 	Entry: C:\Users\ekta\.p2\pool\plugins\org.eclipse.m2e.maven.runtime_3.8.701.20230209-1606\jars\maven-plugin-api-3.8.7.jar
2024-03-02 07:41:20,337 [Worker-332: Launching metaResponseBatchFile] INFO  o.eclipse.m2e.core.internal.Bundles - 	Entry: C:\Users\ekta\.p2\pool\plugins\org.eclipse.m2e.maven.runtime_3.8.701.20230209-1606\jars\maven-repository-metadata-3.8.7.jar
2024-03-02 07:41:20,337 [Worker-332: Launching metaResponseBatchFile] INFO  o.eclipse.m2e.core.internal.Bundles - 	Entry: C:\Users\ekta\.p2\pool\plugins\org.eclipse.m2e.maven.runtime_3.8.701.20230209-1606\jars\maven-resolver-api-1.6.3.jar
2024-03-02 07:41:20,338 [Worker-332: Launching metaResponseBatchFile] INFO  o.eclipse.m2e.core.internal.Bundles - 	Entry: C:\Users\ekta\.p2\pool\plugins\org.eclipse.m2e.maven.runtime_3.8.701.20230209-1606\jars\maven-resolver-connector-basic-1.6.3.jar
2024-03-02 07:41:20,338 [Worker-332: Launching metaResponseBatchFile] INFO  o.eclipse.m2e.core.internal.Bundles - 	Entry: C:\Users\ekta\.p2\pool\plugins\org.eclipse.m2e.maven.runtime_3.8.701.20230209-1606\jars\maven-resolver-impl-1.6.3.jar
2024-03-02 07:41:20,338 [Worker-332: Launching metaResponseBatchFile] INFO  o.eclipse.m2e.core.internal.Bundles - 	Entry: C:\Users\ekta\.p2\pool\plugins\org.eclipse.m2e.maven.runtime_3.8.701.20230209-1606\jars\maven-resolver-provider-3.8.7.jar
2024-03-02 07:41:20,338 [Worker-332: Launching metaResponseBatchFile] INFO  o.eclipse.m2e.core.internal.Bundles - 	Entry: C:\Users\ekta\.p2\pool\plugins\org.eclipse.m2e.maven.runtime_3.8.701.20230209-1606\jars\maven-resolver-spi-1.6.3.jar
2024-03-02 07:41:20,339 [Worker-332: Launching metaResponseBatchFile] INFO  o.eclipse.m2e.core.internal.Bundles - 	Entry: C:\Users\ekta\.p2\pool\plugins\org.eclipse.m2e.maven.runtime_3.8.701.20230209-1606\jars\maven-resolver-transport-wagon-1.6.3.jar
2024-03-02 07:41:20,340 [Worker-332: Launching metaResponseBatchFile] INFO  o.eclipse.m2e.core.internal.Bundles - 	Entry: C:\Users\ekta\.p2\pool\plugins\org.eclipse.m2e.maven.runtime_3.8.701.20230209-1606\jars\maven-resolver-util-1.6.3.jar
2024-03-02 07:41:20,340 [Worker-332: Launching metaResponseBatchFile] INFO  o.eclipse.m2e.core.internal.Bundles - 	Entry: C:\Users\ekta\.p2\pool\plugins\org.eclipse.m2e.maven.runtime_3.8.701.20230209-1606\jars\maven-settings-3.8.7.jar
2024-03-02 07:41:20,341 [Worker-332: Launching metaResponseBatchFile] INFO  o.eclipse.m2e.core.internal.Bundles - 	Entry: C:\Users\ekta\.p2\pool\plugins\org.eclipse.m2e.maven.runtime_3.8.701.20230209-1606\jars\maven-settings-builder-3.8.7.jar
2024-03-02 07:41:20,341 [Worker-332: Launching metaResponseBatchFile] INFO  o.eclipse.m2e.core.internal.Bundles - 	Entry: C:\Users\ekta\.p2\pool\plugins\org.eclipse.m2e.maven.runtime_3.8.701.20230209-1606\jars\maven-shared-utils-3.3.4.jar
2024-03-02 07:41:20,341 [Worker-332: Launching metaResponseBatchFile] INFO  o.eclipse.m2e.core.internal.Bundles - 	Entry: C:\Users\ekta\.p2\pool\plugins\org.eclipse.m2e.maven.runtime_3.8.701.20230209-1606\jars\okhttp-3.14.1.jar
2024-03-02 07:41:20,342 [Worker-332: Launching metaResponseBatchFile] INFO  o.eclipse.m2e.core.internal.Bundles - 	Entry: C:\Users\ekta\.p2\pool\plugins\org.eclipse.m2e.maven.runtime_3.8.701.20230209-1606\jars\okio-1.17.3.jar
2024-03-02 07:41:20,343 [Worker-332: Launching metaResponseBatchFile] INFO  o.eclipse.m2e.core.internal.Bundles - 	Entry: C:\Users\ekta\.p2\pool\plugins\org.eclipse.m2e.maven.runtime_3.8.701.20230209-1606\jars\org.eclipse.sisu.inject-0.3.5.jar
2024-03-02 07:41:20,344 [Worker-332: Launching metaResponseBatchFile] INFO  o.eclipse.m2e.core.internal.Bundles - 	Entry: C:\Users\ekta\.p2\pool\plugins\org.eclipse.m2e.maven.runtime_3.8.701.20230209-1606\jars\org.eclipse.sisu.plexus-0.3.5.jar
2024-03-02 07:41:20,344 [Worker-332: Launching metaResponseBatchFile] INFO  o.eclipse.m2e.core.internal.Bundles - 	Entry: C:\Users\ekta\.p2\pool\plugins\org.eclipse.m2e.maven.runtime_3.8.701.20230209-1606\jars\plexus-build-api-0.0.7.jar
2024-03-02 07:41:20,344 [Worker-332: Launching metaResponseBatchFile] INFO  o.eclipse.m2e.core.internal.Bundles - 	Entry: C:\Users\ekta\.p2\pool\plugins\org.eclipse.m2e.maven.runtime_3.8.701.20230209-1606\jars\plexus-cipher-2.0.jar
2024-03-02 07:41:20,345 [Worker-332: Launching metaResponseBatchFile] INFO  o.eclipse.m2e.core.internal.Bundles - 	Entry: C:\Users\ekta\.p2\pool\plugins\org.eclipse.m2e.maven.runtime_3.8.701.20230209-1606\jars\plexus-classworlds-2.6.0.jar
2024-03-02 07:41:20,345 [Worker-332: Launching metaResponseBatchFile] INFO  o.eclipse.m2e.core.internal.Bundles - 	Entry: C:\Users\ekta\.p2\pool\plugins\org.eclipse.m2e.maven.runtime_3.8.701.20230209-1606\jars\plexus-component-annotations-2.1.0.jar
2024-03-02 07:41:20,346 [Worker-332: Launching metaResponseBatchFile] INFO  o.eclipse.m2e.core.internal.Bundles - 	Entry: C:\Users\ekta\.p2\pool\plugins\org.eclipse.m2e.maven.runtime_3.8.701.20230209-1606\jars\plexus-interpolation-1.26.jar
2024-03-02 07:41:20,347 [Worker-332: Launching metaResponseBatchFile] INFO  o.eclipse.m2e.core.internal.Bundles - 	Entry: C:\Users\ekta\.p2\pool\plugins\org.eclipse.m2e.maven.runtime_3.8.701.20230209-1606\jars\plexus-sec-dispatcher-2.0.jar
2024-03-02 07:41:20,347 [Worker-332: Launching metaResponseBatchFile] INFO  o.eclipse.m2e.core.internal.Bundles - 	Entry: C:\Users\ekta\.p2\pool\plugins\org.eclipse.m2e.maven.runtime_3.8.701.20230209-1606\jars\plexus-utils-3.3.1.jar
2024-03-02 07:41:20,347 [Worker-332: Launching metaResponseBatchFile] INFO  o.eclipse.m2e.core.internal.Bundles - 	Entry: C:\Users\ekta\.p2\pool\plugins\org.eclipse.m2e.maven.runtime_3.8.701.20230209-1606\jars\wagon-file-3.5.3.jar
2024-03-02 07:41:20,347 [Worker-332: Launching metaResponseBatchFile] INFO  o.eclipse.m2e.core.internal.Bundles - 	Entry: C:\Users\ekta\.p2\pool\plugins\org.eclipse.m2e.maven.runtime_3.8.701.20230209-1606\jars\wagon-provider-api-3.5.3.jar
2024-03-02 07:41:20,350 [Worker-332: Launching metaResponseBatchFile] INFO  o.eclipse.m2e.core.internal.Bundles - getClasspathEntries(Bundle=com.google.guava_31.1.0.jre [9])
2024-03-02 07:41:20,355 [Worker-332: Launching metaResponseBatchFile] INFO  o.eclipse.m2e.core.internal.Bundles - 	Entry: C:\Users\ekta\.p2\pool\plugins\com.google.guava_31.1.0.jre.jar
2024-03-02 07:41:20,355 [Worker-332: Launching metaResponseBatchFile] INFO  o.eclipse.m2e.core.internal.Bundles - getClasspathEntries(Bundle=slf4j.api_1.7.36 [439])
2024-03-02 07:41:20,605 [Worker-332: Launching metaResponseBatchFile] INFO  o.eclipse.m2e.core.internal.Bundles - 	Entry: C:\Users\ekta\.p2\pool\plugins\slf4j.api_1.7.36.jar
2024-03-02 07:41:20,605 [Worker-332: Launching metaResponseBatchFile] INFO  o.eclipse.m2e.core.internal.Bundles - getClasspathEntries(Bundle=javax.inject_1.0.0.v20220405-0441 [21])
2024-03-02 07:41:20,792 [Worker-332: Launching metaResponseBatchFile] INFO  o.eclipse.m2e.core.internal.Bundles - 	Entry: C:\Users\ekta\.p2\pool\plugins\javax.inject_1.0.0.v20220405-0441.jar
2024-03-02 07:41:20,792 [Worker-332: Launching metaResponseBatchFile] INFO  o.eclipse.m2e.core.internal.Bundles - getClasspathEntries(Bundle=javax.annotation_1.3.5.v20221203-1659 [19])
2024-03-02 07:41:21,029 [Worker-332: Launching metaResponseBatchFile] INFO  o.eclipse.m2e.core.internal.Bundles - 	Entry: C:\Users\ekta\.p2\pool\plugins\javax.annotation_1.3.5.v20221203-1659.jar
2024-03-02 07:41:21,029 [Worker-332: Launching metaResponseBatchFile] INFO  o.eclipse.m2e.core.internal.Bundles - getClasspathEntries(Bundle=org.apache.commons.cli_1.4.0.v20221112-0806 [41])
2024-03-02 07:41:21,041 [Worker-332: Launching metaResponseBatchFile] INFO  o.eclipse.m2e.core.internal.Bundles - 	Entry: C:\Users\ekta\.p2\pool\plugins\org.apache.commons.cli_1.4.0.v20221112-0806.jar
2024-03-02 07:41:21,041 [Worker-332: Launching metaResponseBatchFile] INFO  o.eclipse.m2e.core.internal.Bundles - getClasspathEntries(Bundle=com.google.guava.failureaccess_1.0.1 [11])
2024-03-02 07:41:21,115 [Worker-332: Launching metaResponseBatchFile] INFO  o.eclipse.m2e.core.internal.Bundles - 	Entry: C:\Users\ekta\.p2\pool\plugins\com.google.guava.failureaccess_1.0.1.jar
2024-03-02 07:41:21,119 [Worker-332: Launching metaResponseBatchFile] INFO  o.e.m.i.launch.MavenLaunchDelegate - Run build in "C:\metaResponseBatchFile\metaResponseBatchFile":
2024-03-02 07:41:21,120 [Worker-332: Launching metaResponseBatchFile] INFO  o.e.m.i.launch.MavenLaunchDelegate -  mvn  -B -Dstyle.color=always clean install
2024-03-02 07:51:56,713 [Worker-334: Launching Main] INFO  o.e.m.c.i.embedder.EclipseLogger - Using 'UTF-8' encoding to copy filtered resources.
2024-03-02 07:51:56,714 [Worker-334: Launching Main] INFO  o.e.m.c.i.embedder.EclipseLogger - Copying 4 resources
2024-03-02 07:51:56,722 [Worker-334: Launching Main] INFO  o.e.m.c.i.embedder.EclipseLogger - Using 'UTF-8' encoding to copy filtered resources.
2024-03-02 07:51:56,722 [Worker-334: Launching Main] INFO  o.e.m.c.i.embedder.EclipseLogger - skip non existing resourceDirectory C:\metaResponseBatchFile\metaResponseBatchFile\src\test\resources
2024-03-02 07:52:20,415 [Worker-334: Building] INFO  o.e.m.c.i.embedder.EclipseLogger - Using 'UTF-8' encoding to copy filtered resources.
2024-03-02 07:52:20,416 [Worker-334: Building] INFO  o.e.m.c.i.embedder.EclipseLogger - Copying 4 resources
2024-03-02 07:52:20,419 [Worker-334: Building] INFO  o.e.m.c.i.embedder.EclipseLogger - Using 'UTF-8' encoding to copy filtered resources.
2024-03-02 07:52:20,419 [Worker-334: Building] INFO  o.e.m.c.i.embedder.EclipseLogger - skip non existing resourceDirectory C:\metaResponseBatchFile\metaResponseBatchFile\src\test\resources
2024-03-02 07:52:56,737 [Worker-335: Building] INFO  o.e.m.c.i.embedder.EclipseLogger - Using 'UTF-8' encoding to copy filtered resources.
2024-03-02 07:52:56,738 [Worker-335: Building] INFO  o.e.m.c.i.embedder.EclipseLogger - Copying 4 resources
2024-03-02 07:52:56,741 [Worker-335: Building] INFO  o.e.m.c.i.embedder.EclipseLogger - Using 'UTF-8' encoding to copy filtered resources.
2024-03-02 07:52:56,741 [Worker-335: Building] INFO  o.e.m.c.i.embedder.EclipseLogger - skip non existing resourceDirectory C:\metaResponseBatchFile\metaResponseBatchFile\src\test\resources
2024-03-02 08:01:31,005 [Worker-339: Building] INFO  o.e.m.c.i.embedder.EclipseLogger - Using 'UTF-8' encoding to copy filtered resources.
2024-03-02 08:01:31,007 [Worker-339: Building] INFO  o.e.m.c.i.embedder.EclipseLogger - Copying 4 resources
2024-03-02 08:01:31,010 [Worker-339: Building] INFO  o.e.m.c.i.embedder.EclipseLogger - Using 'UTF-8' encoding to copy filtered resources.
2024-03-02 08:01:31,010 [Worker-339: Building] INFO  o.e.m.c.i.embedder.EclipseLogger - skip non existing resourceDirectory C:\metaResponseBatchFile\metaResponseBatchFile\src\test\resources
2024-03-02 08:03:24,693 [Worker-341: Launching Main] INFO  o.e.m.c.i.embedder.EclipseLogger - Using 'UTF-8' encoding to copy filtered resources.
2024-03-02 08:03:24,694 [Worker-341: Launching Main] INFO  o.e.m.c.i.embedder.EclipseLogger - Copying 4 resources
2024-03-02 08:03:24,696 [Worker-341: Launching Main] INFO  o.e.m.c.i.embedder.EclipseLogger - Using 'UTF-8' encoding to copy filtered resources.
2024-03-02 08:03:24,696 [Worker-341: Launching Main] INFO  o.e.m.c.i.embedder.EclipseLogger - skip non existing resourceDirectory C:\metaResponseBatchFile\metaResponseBatchFile\src\test\resources
2024-03-02 08:04:56,526 [Worker-345: Building] INFO  o.e.m.c.i.embedder.EclipseLogger - Using 'UTF-8' encoding to copy filtered resources.
2024-03-02 08:04:56,528 [Worker-345: Building] INFO  o.e.m.c.i.embedder.EclipseLogger - Copying 4 resources
2024-03-02 08:04:56,541 [Worker-345: Building] INFO  o.e.m.c.i.embedder.EclipseLogger - Using 'UTF-8' encoding to copy filtered resources.
2024-03-02 08:04:56,548 [Worker-345: Building] INFO  o.e.m.c.i.embedder.EclipseLogger - skip non existing resourceDirectory C:\metaResponseBatchFile\metaResponseBatchFile\src\test\resources
2024-03-02 08:05:02,655 [main] INFO  o.e.m2e.actions.ExecutePomAction - Using existing launch configuration
2024-03-02 08:05:02,728 [Worker-339: Launching metaResponseBatchFile] INFO  o.e.m.i.launch.MavenLaunchDelegate - Run build in "C:\metaResponseBatchFile\metaResponseBatchFile":
2024-03-02 08:05:02,728 [Worker-339: Launching metaResponseBatchFile] INFO  o.e.m.i.launch.MavenLaunchDelegate -  mvn  -B -Dstyle.color=always clean install
2024-03-28 09:39:48,500 [Worker-1: Loading available Gradle versions] INFO  o.e.b.c.i.u.g.PublishedGradleVersions - Gradle version information cache is out-of-date. Trying to update.
2024-03-28 09:40:38,602 [Worker-8: Building] INFO  o.e.m.c.i.embedder.EclipseLogger - Using 'UTF-8' encoding to copy filtered resources.
2024-03-28 09:40:38,608 [Worker-8: Building] INFO  o.e.m.c.i.embedder.EclipseLogger - Copying 4 resources
2024-03-28 09:40:38,670 [Worker-8: Building] INFO  o.e.m.c.i.embedder.EclipseLogger - Using 'UTF-8' encoding to copy filtered resources.
2024-03-28 09:40:38,671 [Worker-8: Building] INFO  o.e.m.c.i.embedder.EclipseLogger - skip non existing resourceDirectory C:\metaResponseBatchFile\metaResponseBatchFile\src\test\resources
